TN:
SF:src/Funko.ts
FN:27,<instance_members_initializer>
FN:39,Funko
FN:63,mostrarFunko
FN:101,get id
FN:109,setid
FN:116,get nombre
FN:124,setnombre
FN:132,get descripcion
FN:140,setdescripcion
FN:147,get tipo
FN:155,settipo
FN:162,get genero
FN:170,setgenero
FN:177,get franquicia
FN:185,setfranquicia
FN:194,get numero
FN:202,setnumero
FN:210,get exclusivo
FN:218,setexclusivo
FN:226,get caracteristicasEspeciales
FN:234,setcaracteristicasEspeciales
FN:243,get valorDeMercado
FN:251,setvalorDeMercado
FNF:23
FNH:23
FNDA:31,<instance_members_initializer>
FNDA:31,Funko
FNDA:1,mostrarFunko
FNDA:9,get id
FNDA:1,setid
FNDA:2,get nombre
FNDA:1,setnombre
FNDA:2,get descripcion
FNDA:1,setdescripcion
FNDA:2,get tipo
FNDA:1,settipo
FNDA:2,get genero
FNDA:1,setgenero
FNDA:2,get franquicia
FNDA:1,setfranquicia
FNDA:2,get numero
FNDA:1,setnumero
FNDA:2,get exclusivo
FNDA:1,setexclusivo
FNDA:2,get caracteristicasEspeciales
FNDA:1,setcaracteristicasEspeciales
FNDA:2,get valorDeMercado
FNDA:2,setvalorDeMercado
DA:1,1
DA:2,1
DA:3,1
DA:4,1
DA:5,1
DA:6,1
DA:7,1
DA:8,1
DA:9,1
DA:10,1
DA:11,1
DA:12,1
DA:13,1
DA:14,1
DA:15,1
DA:16,1
DA:17,1
DA:18,1
DA:19,1
DA:20,1
DA:21,1
DA:22,1
DA:23,1
DA:24,1
DA:25,1
DA:26,1
DA:27,1
DA:28,31
DA:29,31
DA:30,31
DA:31,31
DA:32,31
DA:33,31
DA:34,31
DA:35,31
DA:36,31
DA:37,31
DA:38,31
DA:39,31
DA:40,31
DA:41,31
DA:42,31
DA:43,31
DA:44,31
DA:45,31
DA:46,31
DA:47,31
DA:48,31
DA:49,31
DA:50,31
DA:51,31
DA:52,31
DA:53,31
DA:54,31
DA:55,31
DA:56,31
DA:57,31
DA:58,31
DA:59,31
DA:60,31
DA:61,31
DA:62,31
DA:63,31
DA:64,1
DA:65,1
DA:66,1
DA:67,1
DA:68,1
DA:69,1
DA:70,1
DA:71,1
DA:72,1
DA:73,1
DA:74,1
DA:75,1
DA:76,1
DA:77,1
DA:78,1
DA:79,1
DA:80,0
DA:81,0
DA:82,0
DA:83,0
DA:84,0
DA:85,0
DA:86,0
DA:87,0
DA:88,0
DA:89,0
DA:90,0
DA:91,0
DA:92,0
DA:93,0
DA:94,0
DA:95,1
DA:96,1
DA:97,31
DA:98,31
DA:99,31
DA:100,31
DA:101,31
DA:102,9
DA:103,9
DA:104,31
DA:105,31
DA:106,31
DA:107,31
DA:108,31
DA:109,31
DA:110,1
DA:111,1
DA:112,31
DA:113,31
DA:114,31
DA:115,31
DA:116,31
DA:117,2
DA:118,2
DA:119,31
DA:120,31
DA:121,31
DA:122,31
DA:123,31
DA:124,31
DA:125,1
DA:126,1
DA:127,31
DA:128,31
DA:129,31
DA:130,31
DA:131,31
DA:132,31
DA:133,2
DA:134,2
DA:135,31
DA:136,31
DA:137,31
DA:138,31
DA:139,31
DA:140,31
DA:141,1
DA:142,1
DA:143,31
DA:144,31
DA:145,31
DA:146,31
DA:147,31
DA:148,2
DA:149,2
DA:150,31
DA:151,31
DA:152,31
DA:153,31
DA:154,31
DA:155,31
DA:156,1
DA:157,1
DA:158,31
DA:159,31
DA:160,31
DA:161,31
DA:162,31
DA:163,2
DA:164,2
DA:165,31
DA:166,31
DA:167,31
DA:168,31
DA:169,31
DA:170,31
DA:171,1
DA:172,1
DA:173,31
DA:174,31
DA:175,31
DA:176,31
DA:177,31
DA:178,2
DA:179,2
DA:180,31
DA:181,31
DA:182,31
DA:183,31
DA:184,31
DA:185,31
DA:186,1
DA:187,1
DA:188,31
DA:189,31
DA:190,31
DA:191,31
DA:192,31
DA:193,31
DA:194,31
DA:195,2
DA:196,2
DA:197,31
DA:198,31
DA:199,31
DA:200,31
DA:201,31
DA:202,31
DA:203,1
DA:204,1
DA:205,31
DA:206,31
DA:207,31
DA:208,31
DA:209,31
DA:210,31
DA:211,2
DA:212,2
DA:213,31
DA:214,31
DA:215,31
DA:216,31
DA:217,31
DA:218,31
DA:219,1
DA:220,1
DA:221,31
DA:222,31
DA:223,31
DA:224,31
DA:225,31
DA:226,31
DA:227,2
DA:228,2
DA:229,31
DA:230,31
DA:231,31
DA:232,31
DA:233,31
DA:234,31
DA:235,1
DA:236,1
DA:237,31
DA:238,31
DA:239,31
DA:240,31
DA:241,31
DA:242,31
DA:243,31
DA:244,2
DA:245,2
DA:246,31
DA:247,31
DA:248,31
DA:249,31
DA:250,31
DA:251,31
DA:252,2
DA:253,1
DA:254,1
DA:255,1
DA:256,1
DA:257,1
DA:258,1
DA:259,31
LF:259
LH:244
BRDA:7,0,0,1
BRDA:18,1,0,1
BRDA:27,2,0,31
BRDA:39,3,0,31
BRDA:63,4,0,1
BRDA:80,5,0,0
BRDA:101,6,0,9
BRDA:109,7,0,1
BRDA:116,8,0,2
BRDA:124,9,0,1
BRDA:132,10,0,2
BRDA:140,11,0,1
BRDA:147,12,0,2
BRDA:155,13,0,1
BRDA:162,14,0,2
BRDA:170,15,0,1
BRDA:177,16,0,2
BRDA:185,17,0,1
BRDA:194,18,0,2
BRDA:202,19,0,1
BRDA:210,20,0,2
BRDA:218,21,0,1
BRDA:226,22,0,2
BRDA:234,23,0,1
BRDA:243,24,0,2
BRDA:251,25,0,2
BRDA:252,26,0,1
BRF:27
BRH:26
end_of_record
TN:
SF:src/FunkoCollection.ts
FN:4,<instance_members_initializer>
FN:8,FunkoCollection
FN:82,get Owner
FN:91,get funkos
FN:100,setfunkos
FN:109,addFunko
FN:127,removeFunko
FN:143,getFunko
FNF:8
FNH:8
FNDA:12,<instance_members_initializer>
FNDA:12,FunkoCollection
FNDA:2,get Owner
FNDA:3,get funkos
FNDA:1,setfunkos
FNDA:6,addFunko
FNDA:1,removeFunko
FNDA:3,getFunko
DA:1,1
DA:2,1
DA:3,1
DA:4,1
DA:5,12
DA:6,12
DA:7,12
DA:8,12
DA:9,12
DA:10,12
DA:11,12
DA:12,12
DA:13,12
DA:14,12
DA:15,12
DA:16,12
DA:17,12
DA:18,12
DA:19,12
DA:20,12
DA:21,12
DA:22,12
DA:23,12
DA:24,12
DA:25,12
DA:26,12
DA:27,0
DA:28,0
DA:29,0
DA:30,0
DA:31,0
DA:32,0
DA:33,0
DA:34,0
DA:35,0
DA:36,0
DA:37,0
DA:38,0
DA:39,0
DA:40,0
DA:41,0
DA:42,0
DA:43,0
DA:44,0
DA:45,0
DA:46,0
DA:47,0
DA:48,0
DA:49,0
DA:50,0
DA:51,0
DA:52,0
DA:53,0
DA:54,0
DA:55,0
DA:56,0
DA:57,0
DA:58,0
DA:59,0
DA:60,0
DA:61,0
DA:62,0
DA:63,0
DA:64,0
DA:65,0
DA:66,0
DA:67,0
DA:68,0
DA:69,0
DA:70,0
DA:71,0
DA:72,0
DA:73,0
DA:74,0
DA:75,12
DA:76,12
DA:77,12
DA:78,12
DA:79,12
DA:80,12
DA:81,12
DA:82,12
DA:83,2
DA:84,2
DA:85,12
DA:86,12
DA:87,12
DA:88,12
DA:89,12
DA:90,12
DA:91,12
DA:92,3
DA:93,3
DA:94,12
DA:95,12
DA:96,12
DA:97,12
DA:98,12
DA:99,12
DA:100,12
DA:101,1
DA:102,1
DA:103,12
DA:104,12
DA:105,12
DA:106,12
DA:107,12
DA:108,12
DA:109,12
DA:110,6
DA:111,6
DA:112,6
DA:113,6
DA:114,6
DA:115,0
DA:116,0
DA:117,0
DA:118,0
DA:119,0
DA:120,0
DA:121,0
DA:122,12
DA:123,12
DA:124,12
DA:125,12
DA:126,12
DA:127,12
DA:128,1
DA:129,1
DA:130,1
DA:131,1
DA:132,1
DA:133,0
DA:134,0
DA:135,0
DA:136,0
DA:137,12
DA:138,12
DA:139,12
DA:140,12
DA:141,12
DA:142,12
DA:143,12
DA:144,3
DA:145,3
DA:146,12
LF:146
LH:87
BRDA:4,0,0,12
BRDA:8,1,0,12
BRDA:27,2,0,0
BRDA:82,3,0,2
BRDA:91,4,0,3
BRDA:100,5,0,1
BRDA:109,6,0,6
BRDA:115,7,0,0
BRDA:127,8,0,1
BRDA:133,9,0,0
BRDA:130,10,0,2
BRDA:143,11,0,3
BRDA:144,12,0,5
BRF:13
BRH:10
end_of_record
TN:
SF:src/User.ts
FN:3,<instance_members_initializer>
FN:7,User
FN:22,get nombre
FN:30,setnombre
FN:38,get ownerOf
FN:47,setownerOf
FNF:6
FNH:6
FNDA:4,<instance_members_initializer>
FNDA:4,User
FNDA:2,get nombre
FNDA:1,setnombre
FNDA:3,get ownerOf
FNDA:1,setownerOf
DA:1,1
DA:2,1
DA:3,1
DA:4,4
DA:5,4
DA:6,4
DA:7,4
DA:8,4
DA:9,4
DA:10,0
DA:11,0
DA:12,4
DA:13,4
DA:14,4
DA:15,4
DA:16,4
DA:17,4
DA:18,4
DA:19,4
DA:20,4
DA:21,4
DA:22,4
DA:23,2
DA:24,2
DA:25,4
DA:26,4
DA:27,4
DA:28,4
DA:29,4
DA:30,4
DA:31,1
DA:32,1
DA:33,4
DA:34,4
DA:35,4
DA:36,4
DA:37,4
DA:38,4
DA:39,3
DA:40,3
DA:41,4
DA:42,4
DA:43,4
DA:44,4
DA:45,4
DA:46,4
DA:47,4
DA:48,1
DA:49,1
DA:50,4
LF:50
LH:48
BRDA:3,0,0,4
BRDA:7,1,0,4
BRDA:9,2,0,0
BRDA:22,3,0,2
BRDA:30,4,0,1
BRDA:38,5,0,3
BRDA:47,6,0,1
BRF:7
BRH:6
end_of_record
TN:
SF:src/pe102/AddMapReduce.ts
FN:10,AddMapReduce
FN:16,afterMap
FN:23,afterReduce
FN:30,beforeMap
FN:37,beforeReduce
FN:47,reduce
FNF:6
FNH:6
FNDA:3,AddMapReduce
FNDA:3,afterMap
FNDA:3,afterReduce
FNDA:3,beforeMap
FNDA:3,beforeReduce
FNDA:3,reduce
DA:1,1
DA:2,1
DA:3,1
DA:4,1
DA:5,1
DA:6,1
DA:7,1
DA:8,1
DA:9,1
DA:10,1
DA:11,3
DA:12,3
DA:13,1
DA:14,1
DA:15,1
DA:16,1
DA:17,3
DA:18,3
DA:19,3
DA:20,1
DA:21,1
DA:22,1
DA:23,1
DA:24,3
DA:25,3
DA:26,3
DA:27,1
DA:28,1
DA:29,1
DA:30,1
DA:31,3
DA:32,3
DA:33,3
DA:34,1
DA:35,1
DA:36,1
DA:37,1
DA:38,3
DA:39,3
DA:40,3
DA:41,1
DA:42,1
DA:43,1
DA:44,1
DA:45,1
DA:46,1
DA:47,1
DA:48,3
DA:49,3
DA:50,15
DA:51,15
DA:52,3
DA:53,3
DA:54,1
DA:55,1
LF:55
LH:55
BRDA:10,0,0,3
BRDA:16,1,0,3
BRDA:23,2,0,3
BRDA:30,3,0,3
BRDA:37,4,0,3
BRDA:47,5,0,3
BRDA:49,6,0,15
BRF:7
BRH:7
end_of_record
TN:
SF:src/pe102/DivMapReduce.ts
FN:7,DivMapReduce
FN:11,afterMap
FN:15,afterReduce
FN:19,beforeMap
FN:23,beforeReduce
FN:27,reduce
FNF:6
FNH:6
FNDA:3,DivMapReduce
FNDA:3,afterMap
FNDA:3,afterReduce
FNDA:3,beforeMap
FNDA:3,beforeReduce
FNDA:3,reduce
DA:1,1
DA:2,1
DA:3,1
DA:4,1
DA:5,1
DA:6,1
DA:7,1
DA:8,3
DA:9,3
DA:10,1
DA:11,1
DA:12,3
DA:13,3
DA:14,3
DA:15,1
DA:16,3
DA:17,3
DA:18,3
DA:19,1
DA:20,3
DA:21,3
DA:22,3
DA:23,1
DA:24,3
DA:25,3
DA:26,3
DA:27,1
DA:28,3
DA:29,3
DA:30,15
DA:31,15
DA:32,3
DA:33,3
DA:34,1
LF:34
LH:34
BRDA:7,0,0,3
BRDA:11,1,0,3
BRDA:15,2,0,3
BRDA:19,3,0,3
BRDA:23,4,0,3
BRDA:27,5,0,3
BRDA:29,6,0,15
BRF:7
BRH:7
end_of_record
TN:
SF:src/pe102/MapReduceAlgorithm.ts
FN:2,<instance_members_initializer>
FN:8,MapReduceAlgotitm
FN:17,execute
FN:30,length
FN:43,get
FN:46,map
FNF:6
FNH:6
FNDA:12,<instance_members_initializer>
FNDA:12,MapReduceAlgotitm
FNDA:12,execute
FNDA:144,length
FNDA:120,get
FNDA:12,map
DA:1,1
DA:2,1
DA:3,12
DA:4,12
DA:5,12
DA:6,12
DA:7,12
DA:8,12
DA:9,12
DA:10,12
DA:11,12
DA:12,12
DA:13,12
DA:14,12
DA:15,12
DA:16,12
DA:17,12
DA:18,12
DA:19,12
DA:20,12
DA:21,12
DA:22,12
DA:23,12
DA:24,12
DA:25,12
DA:26,12
DA:27,12
DA:28,12
DA:29,12
DA:30,12
DA:31,144
DA:32,144
DA:33,720
DA:34,720
DA:35,144
DA:36,144
DA:37,12
DA:38,12
DA:39,12
DA:40,12
DA:41,12
DA:42,12
DA:43,12
DA:44,120
DA:45,120
DA:46,12
DA:47,12
DA:48,12
DA:49,12
DA:50,60
DA:51,60
DA:52,12
DA:53,12
DA:54,12
DA:55,12
DA:56,12
DA:57,12
DA:58,12
DA:59,12
DA:60,12
DA:61,12
DA:62,12
DA:63,12
DA:64,12
DA:65,12
DA:66,12
DA:67,12
LF:67
LH:67
BRDA:2,0,0,12
BRDA:8,1,0,12
BRDA:17,2,0,12
BRDA:30,3,0,144
BRDA:32,4,0,720
BRDA:43,5,0,120
BRDA:46,6,0,12
BRDA:49,7,0,60
BRF:8
BRH:8
end_of_record
TN:
SF:src/pe102/ProdMapReduce.ts
FN:11,ProdMapReduce
FN:17,afterMap
FN:24,afterReduce
FN:31,beforeMap
FN:38,beforeReduce
FN:47,reduce
FNF:6
FNH:6
FNDA:3,ProdMapReduce
FNDA:3,afterMap
FNDA:3,afterReduce
FNDA:3,beforeMap
FNDA:3,beforeReduce
FNDA:3,reduce
DA:1,1
DA:2,1
DA:3,1
DA:4,1
DA:5,1
DA:6,1
DA:7,1
DA:8,1
DA:9,1
DA:10,1
DA:11,1
DA:12,3
DA:13,3
DA:14,1
DA:15,1
DA:16,1
DA:17,1
DA:18,3
DA:19,3
DA:20,3
DA:21,1
DA:22,1
DA:23,1
DA:24,1
DA:25,3
DA:26,3
DA:27,3
DA:28,1
DA:29,1
DA:30,1
DA:31,1
DA:32,3
DA:33,3
DA:34,3
DA:35,1
DA:36,1
DA:37,1
DA:38,1
DA:39,3
DA:40,3
DA:41,3
DA:42,1
DA:43,1
DA:44,1
DA:45,1
DA:46,1
DA:47,1
DA:48,3
DA:49,3
DA:50,15
DA:51,15
DA:52,3
DA:53,3
DA:54,1
DA:55,1
LF:55
LH:55
BRDA:11,0,0,3
BRDA:17,1,0,3
BRDA:24,2,0,3
BRDA:31,3,0,3
BRDA:38,4,0,3
BRDA:47,5,0,3
BRDA:49,6,0,15
BRF:7
BRH:7
end_of_record
TN:
SF:src/pe102/SubMapReduce.ts
FN:7,SubMapReduce
FN:14,afterMap
FN:21,afterReduce
FN:28,beforeMap
FN:35,beforeReduce
FN:43,reduce
FNF:6
FNH:6
FNDA:3,SubMapReduce
FNDA:3,afterMap
FNDA:3,afterReduce
FNDA:3,beforeMap
FNDA:3,beforeReduce
FNDA:3,reduce
DA:1,1
DA:2,1
DA:3,1
DA:4,1
DA:5,1
DA:6,1
DA:7,1
DA:8,3
DA:9,3
DA:10,1
DA:11,1
DA:12,1
DA:13,1
DA:14,1
DA:15,3
DA:16,3
DA:17,3
DA:18,1
DA:19,1
DA:20,1
DA:21,1
DA:22,3
DA:23,3
DA:24,3
DA:25,1
DA:26,1
DA:27,1
DA:28,1
DA:29,3
DA:30,3
DA:31,3
DA:32,1
DA:33,1
DA:34,1
DA:35,1
DA:36,3
DA:37,3
DA:38,3
DA:39,1
DA:40,1
DA:41,1
DA:42,1
DA:43,1
DA:44,3
DA:45,3
DA:46,15
DA:47,15
DA:48,3
DA:49,3
DA:50,1
LF:50
LH:50
BRDA:7,0,0,3
BRDA:14,1,0,3
BRDA:21,2,0,3
BRDA:28,3,0,3
BRDA:35,4,0,3
BRDA:43,5,0,3
BRDA:45,6,0,15
BRF:7
BRH:7
end_of_record
